#
# There is insufficient memory for the Java Runtime Environment to continue.
# Native memory allocation (mmap) failed to map 264241152 bytes. Error detail: G1 virtual space
# Possible reasons:
#   The system is out of physical RAM or swap space
#   This process is running with CompressedOops enabled, and the Java Heap may be blocking the growth of the native heap
# Possible solutions:
#   Reduce memory load on the system
#   Increase physical memory or swap space
#   Check if swap backing store is full
#   Decrease Java heap size (-Xmx/-Xms)
#   Decrease number of Java threads
#   Decrease Java thread stack sizes (-Xss)
#   Set larger code cache with -XX:ReservedCodeCacheSize=
#   JVM is running with Zero Based Compressed Oops mode in which the Java heap is
#     placed in the first 32GB address space. The Java Heap base address is the
#     maximum limit for the native heap growth. Please use -XX:HeapBaseMinAddress
#     to set the Java Heap base and to place the Java Heap above 32GB virtual address.
# This output file may be truncated or incomplete.
#
#  Out of Memory Error (os_windows.cpp:3710), pid=3760, tid=29032
#
# JRE version:  (17.0.15+6) (build )
# Java VM: OpenJDK 64-Bit Server VM (17.0.15+6-LTS, mixed mode, emulated-client, sharing, tiered, compressed oops, compressed class ptrs, g1 gc, windows-amd64)
# No core dump will be written. Minidumps are not enabled by default on client versions of Windows
#

---------------  S U M M A R Y ------------

Command Line: -XX:TieredStopAtLevel=1 -Dfile.encoding=UTF-8 -Duser.country=IN -Duser.language=en -Duser.variant com.example.emsuser.EmsUserApplication

Host: 12th Gen Intel(R) Core(TM) i5-1235U, 12 cores, 15G,  Windows 11 , 64 bit Build 22621 (10.0.22621.5262)
Time: Thu May 29 13:53:40 2025 India Standard Time elapsed time: 0.014519 seconds (0d 0h 0m 0s)

---------------  T H R E A D  ---------------

Current thread (0x0000024c647ca5a0):  JavaThread "Unknown thread" [_thread_in_vm, id=29032, stack(0x000000a9b6800000,0x000000a9b6900000)]

Stack: [0x000000a9b6800000,0x000000a9b6900000]
Native frames: (J=compiled Java code, j=interpreted, Vv=VM code, C=native code)
V  [jvm.dll+0x6887a9]
V  [jvm.dll+0x83f5a8]
V  [jvm.dll+0x841053]
V  [jvm.dll+0x8416c3]
V  [jvm.dll+0x2496ef]
V  [jvm.dll+0x6856e9]
V  [jvm.dll+0x679b7a]
V  [jvm.dll+0x30b0d7]
V  [jvm.dll+0x312646]
V  [jvm.dll+0x36300e]
V  [jvm.dll+0x36324d]
V  [jvm.dll+0x2e236c]
V  [jvm.dll+0x2e3284]
V  [jvm.dll+0x8114db]
V  [jvm.dll+0x370d21]
V  [jvm.dll+0x7f011f]
V  [jvm.dll+0x3f781e]
V  [jvm.dll+0x3f9351]
C  [jli.dll+0x52a0]
C  [ucrtbase.dll+0x29333]
C  [KERNEL32.DLL+0x1259d]
C  [ntdll.dll+0x5af58]


---------------  P R O C E S S  ---------------

Threads class SMR info:
_java_thread_list=0x00007ffbf5b7efd8, length=0, elements={
}

Java Threads: ( => current thread )

Other Threads:
  0x0000024c64836400 GCTaskThread "GC Thread#0" [stack: 0x000000a9b6900000,0x000000a9b6a00000] [id=35460]
  0x0000024c64846e20 ConcurrentGCThread "G1 Main Marker" [stack: 0x000000a9b6a00000,0x000000a9b6b00000] [id=21756]
  0x0000024c64847840 ConcurrentGCThread "G1 Conc#0" [stack: 0x000000a9b6b00000,0x000000a9b6c00000] [id=34444]

[error occurred during error reporting (printing all threads), id 0xc0000005, EXCEPTION_ACCESS_VIOLATION (0xc0000005) at pc=0x00007ffbf5332ec7]

VM state: not at safepoint (not fully initialized)

VM Mutex/Monitor currently owned by a thread:  ([mutex/lock_event])
[0x0000024c647c4db0] Heap_lock - owner thread: 0x0000024c647ca5a0

Heap address: 0x0000000705200000, size: 4014 MB, Compressed Oops mode: Zero based, Oop shift amount: 3

CDS archive(s) mapped at: [0x0000000000000000-0x0000000000000000-0x0000000000000000), size 0, SharedBaseAddress: 0x0000000800000000, ArchiveRelocationMode: 1.
Narrow klass base: 0x0000000000000000, Narrow klass shift: 0, Narrow klass range: 0x0

GC Precious Log:
<Empty>

Heap:
 garbage-first heap   total 0K, used 0K [0x0000000705200000, 0x0000000800000000)
  region size 2048K, 0 young (0K), 0 survivors (0K)

[error occurred during error reporting (printing heap information), id 0xc0000005, EXCEPTION_ACCESS_VIOLATION (0xc0000005) at pc=0x00007ffbf5722339]

GC Heap History (0 events):
No events

Dll operation events (1 events):
Event: 0.007 Loaded shared library C:\Users\anshi\.jdks\ms-17.0.15\bin\java.dll

Deoptimization events (0 events):
No events

Classes loaded (0 events):
No events

Classes unloaded (0 events):
No events

Classes redefined (0 events):
No events

Internal exceptions (0 events):
No events

VM Operations (0 events):
No events

Memory protections (0 events):
No events

Nmethod flushes (0 events):
No events

Events (0 events):
No events


Dynamic libraries:
0x00007ff753d20000 - 0x00007ff753d2e000 	C:\Users\anshi\.jdks\ms-17.0.15\bin\java.exe
0x00007ffc978b0000 - 0x00007ffc97ac7000 	C:\windows\SYSTEM32\ntdll.dll
0x00007ffc95c50000 - 0x00007ffc95d14000 	C:\windows\System32\KERNEL32.DLL
0x00007ffc94b10000 - 0x00007ffc94ee3000 	C:\windows\System32\KERNELBASE.dll
0x00007ffc95230000 - 0x00007ffc95341000 	C:\windows\System32\ucrtbase.dll
0x00007ffc8cb90000 - 0x00007ffc8cbad000 	C:\Users\anshi\.jdks\ms-17.0.15\bin\VCRUNTIME140.dll
0x00007ffc61060000 - 0x00007ffc61077000 	C:\Users\anshi\.jdks\ms-17.0.15\bin\jli.dll
0x00007ffc96cc0000 - 0x00007ffc96e71000 	C:\windows\System32\USER32.dll
0x00007ffc95200000 - 0x00007ffc95226000 	C:\windows\System32\win32u.dll
0x00007ffc95ba0000 - 0x00007ffc95bc9000 	C:\windows\System32\GDI32.dll
0x00007ffc95350000 - 0x00007ffc95472000 	C:\windows\System32\gdi32full.dll
0x00007ffc76200000 - 0x00007ffc7649b000 	C:\windows\WinSxS\amd64_microsoft.windows.common-controls_6595b64144ccf1df_6.0.22621.5262_none_2712bde373830908\COMCTL32.dll
0x00007ffc95a80000 - 0x00007ffc95b27000 	C:\windows\System32\msvcrt.dll
0x00007ffc95160000 - 0x00007ffc951fa000 	C:\windows\System32\msvcp_win.dll
0x00007ffc96e80000 - 0x00007ffc96eb1000 	C:\windows\System32\IMM32.DLL
0x00007ffc8cb00000 - 0x00007ffc8cb0c000 	C:\Users\anshi\.jdks\ms-17.0.15\bin\vcruntime140_1.dll
0x00007ffc09750000 - 0x00007ffc097dd000 	C:\Users\anshi\.jdks\ms-17.0.15\bin\msvcp140.dll
0x00007ffbf5040000 - 0x00007ffbf5cb2000 	C:\Users\anshi\.jdks\ms-17.0.15\bin\server\jvm.dll
0x00007ffc96750000 - 0x00007ffc96801000 	C:\windows\System32\ADVAPI32.dll
0x00007ffc96f10000 - 0x00007ffc96fb7000 	C:\windows\System32\sechost.dll
0x00007ffc94ae0000 - 0x00007ffc94b08000 	C:\windows\System32\bcrypt.dll
0x00007ffc96630000 - 0x00007ffc96744000 	C:\windows\System32\RPCRT4.dll
0x00007ffc96bc0000 - 0x00007ffc96c31000 	C:\windows\System32\WS2_32.dll
0x00007ffc810b0000 - 0x00007ffc810ba000 	C:\windows\SYSTEM32\VERSION.dll
0x00007ffc8a5f0000 - 0x00007ffc8a624000 	C:\windows\SYSTEM32\WINMM.dll
0x00007ffc94870000 - 0x00007ffc948bd000 	C:\windows\SYSTEM32\POWRPROF.dll
0x00007ffc94850000 - 0x00007ffc94863000 	C:\windows\SYSTEM32\UMPDC.dll
0x00007ffc939a0000 - 0x00007ffc939b8000 	C:\windows\SYSTEM32\kernel.appcore.dll
0x00007ffc76b30000 - 0x00007ffc76b3a000 	C:\Users\anshi\.jdks\ms-17.0.15\bin\jimage.dll
0x00007ffc92010000 - 0x00007ffc92242000 	C:\windows\SYSTEM32\DBGHELP.DLL
0x00007ffc96820000 - 0x00007ffc96bb3000 	C:\windows\System32\combase.dll
0x00007ffc95840000 - 0x00007ffc95917000 	C:\windows\System32\OLEAUT32.dll
0x00007ffc74630000 - 0x00007ffc74662000 	C:\windows\SYSTEM32\dbgcore.DLL
0x00007ffc950e0000 - 0x00007ffc9515b000 	C:\windows\System32\bcryptPrimitives.dll
0x00007ffc50f30000 - 0x00007ffc50f55000 	C:\Users\anshi\.jdks\ms-17.0.15\bin\java.dll

dbghelp: loaded successfully - version: 4.0.5 - missing functions: none
symbol engine: initialized successfully - sym options: 0x614 - pdb path: .;C:\Users\anshi\.jdks\ms-17.0.15\bin;C:\windows\SYSTEM32;C:\windows\WinSxS\amd64_microsoft.windows.common-controls_6595b64144ccf1df_6.0.22621.5262_none_2712bde373830908;C:\Users\anshi\.jdks\ms-17.0.15\bin\server

VM Arguments:
jvm_args: -XX:TieredStopAtLevel=1 -Dfile.encoding=UTF-8 -Duser.country=IN -Duser.language=en -Duser.variant 
java_command: com.example.emsuser.EmsUserApplication
java_class_path (initial): C:\Users\anshi\Downloads\demo1\EMS-User\build\classes\java\main;C:\Users\anshi\Downloads\demo1\EMS-User\build\resources\main;C:\Users\anshi\.gradle\caches\modules-2\files-2.1\org.springframework.boot\spring-boot-devtools\3.4.5\e550ba7011bb36dde3cafb1d1d88b655657bf2e2\spring-boot-devtools-3.4.5.jar;C:\Users\anshi\.gradle\caches\modules-2\files-2.1\org.hibernate.validator\hibernate-validator\8.0.2.Final\220e64815dd87535525331de20570017f899eb13\hibernate-validator-8.0.2.Final.jar;C:\Users\anshi\.gradle\caches\modules-2\files-2.1\jakarta.validation\jakarta.validation-api\3.1.1\ec8622148afc5564235d17af80ea80288d0e7f92\jakarta.validation-api-3.1.1.jar;C:\Users\anshi\.gradle\caches\modules-2\files-2.1\io.jsonwebtoken\jjwt-impl\0.11.5\40a599f0e8a8e4e0701596fbb15e67bfda64fdf0\jjwt-impl-0.11.5.jar;C:\Users\anshi\.gradle\caches\modules-2\files-2.1\io.jsonwebtoken\jjwt-jackson\0.11.5\3b83a06809e98a69402d7333dcf67df6f6ea4579\jjwt-jackson-0.11.5.jar;C:\Users\anshi\.gradle\caches\modules-2\files-2.1\io.jsonwebtoken\jjwt-api\0.11.5\f742940045619d06383e7df37b21ac422b476cf1\jjwt-api-0.11.5.jar;C:\Users\anshi\.gradle\caches\modules-2\files-2.1\org.postgresql\postgresql\42.7.5\747897987b86c741fb8b56f6b81929ae1e6e4b46\postgresql-42.7.5.jar;C:\Users\anshi\.gradle\caches\modules-2\files-2.1\org.springframework.boot\spring-boot-autoconfigure\3.4.5\c44ad60865ca1d0b88e576b0355e755ed28aec52\spring-boot-autoconfigure-3.4.5.jar;C:\Users\anshi\.gradle\caches\modules-2\files-2.1\org.springframework.boot\spring-boot\3.4.5\414fcf9f9e0ccb961243d8f36ef8ad6d4040e745\spring-boot-3.4.5.jar;C:\Users\anshi\.gradle\caches\modules-2\files-2.1\org.hibernate.orm\hibernate-core\6.6.13.Final\e7f1b2d53e89b9863dca12cd5f1b261ba413415b\hibernate-core-6.6.13.Final.jar;C:\Users\anshi\.gradle\caches\modules-2\files-2.1\org.springframework.data\spring-data-jpa\3.4.5\40000309bebdc0e4e284211701f039eb5b1fb1a6\spring-data-jpa-3.4.5.jar;C:\Users\anshi\.gradle\caches\modules-2\files-2.1\org.sprin
Launcher Type: SUN_STANDARD

[Global flags]
     intx CICompilerCount                          = 4                                         {product} {ergonomic}
     uint ConcGCThreads                            = 3                                         {product} {ergonomic}
     uint G1ConcRefinementThreads                  = 10                                        {product} {ergonomic}
   size_t G1HeapRegionSize                         = 2097152                                   {product} {ergonomic}
    uintx GCDrainStackTargetSize                   = 64                                        {product} {ergonomic}
   size_t InitialHeapSize                          = 264241152                                 {product} {ergonomic}
   size_t MarkStackSize                            = 4194304                                   {product} {ergonomic}
   size_t MaxHeapSize                              = 4208984064                                {product} {ergonomic}
   size_t MinHeapDeltaBytes                        = 2097152                                   {product} {ergonomic}
   size_t MinHeapSize                              = 8388608                                   {product} {ergonomic}
    uintx NonProfiledCodeHeapSize                  = 0                                      {pd product} {ergonomic}
     bool ProfileInterpreter                       = false                                  {pd product} {command line}
    uintx ProfiledCodeHeapSize                     = 0                                      {pd product} {ergonomic}
   size_t SoftMaxHeapSize                          = 4208984064                             {manageable} {ergonomic}
     intx TieredStopAtLevel                        = 1                                         {product} {command line}
     bool UseCompressedClassPointers               = true                           {product lp64_product} {ergonomic}
     bool UseCompressedOops                        = true                           {product lp64_product} {ergonomic}
     bool UseG1GC                                  = true                                      {product} {ergonomic}
     bool UseLargePagesIndividualAllocation        = false                                  {pd product} {ergonomic}

Logging:
Log output configuration:
 #0: stdout all=warning uptime,level,tags
 #1: stderr all=off uptime,level,tags

Environment Variables:
CLASSPATH=C:\Users\anshi\Downloads\demo1\EMS-User\\gradle\wrapper\gradle-wrapper.jar
PATH=C:\Program Files\Common Files\Oracle\Java\javapath;C:\windows\system32;C:\windows;C:\windows\System32\Wbem;C:\windows\System32\WindowsPowerShell\v1.0\;C:\windows\System32\OpenSSH\;C:\MinGW\bin;C:\Program Files (x86)\Dev-Cpp\MinGW64\bin;C:\Program Files\MongoDB\Tools\100\bin;C:\Users\anshi\Downloads\apache-maven-3.9.9-bin\apache-maven-3.9.9\bin;C:\Program Files\Git\cmd;C:\Program Files\nodejs\;C:\Program Files\Docker\Docker\resources\bin;C:\Program Files\MySQL\MySQL Shell 8.0\bin\;C:\Users\anshi\AppData\Local\Microsoft\WindowsApps;C:\Users\anshi\AppData\Local\Programs\Microsoft VS Code\bin;C:\MinGW\bin;C:\Program Files (x86)\Dev-Cpp\MinGW64\bin;C:\Program Files\JetBrains\IntelliJ IDEA Community Edition 2023.3.2\bin;C:\Program Files\MongoDB\Server\7.0\bin;;C:\Users\anshi\AppData\Local\Programs\mongosh\;C:\Program Files\MySQL\MySQL Server 8.0\bin;C:\Program Files\PostgreSQL\17\bin;C:\Users\anshi\AppData\Roaming\npm
USERNAME=anshi
OS=Windows_NT
PROCESSOR_IDENTIFIER=Intel64 Family 6 Model 154 Stepping 4, GenuineIntel
TMP=C:\Users\anshi\AppData\Local\Temp
TEMP=C:\MinGW\bin



Periodic native trim disabled


---------------  S Y S T E M  ---------------

OS:
 Windows 11 , 64 bit Build 22621 (10.0.22621.5262)
OS uptime: 0 days 19:18 hours
Hyper-V role detected

CPU: total 12 (initial active 12) (6 cores per cpu, 2 threads per core) family 6 model 154 stepping 4 microcode 0x42c, cx8, cmov, fxsr, ht, mmx, 3dnowpref, sse, sse2, sse3, ssse3, sse4.1, sse4.2, popcnt, lzcnt, tsc, tscinvbit, avx, avx2, aes, erms, clmul, bmi1, bmi2, adx, sha, fma, vzeroupper, clflush, clflushopt, clwb, hv
Processor Information for processor 0
  Max Mhz: 1300, Current Mhz: 1300, Mhz Limit: 1300
Processor Information for processor 1
  Max Mhz: 1300, Current Mhz: 1300, Mhz Limit: 1300
Processor Information for processor 2
  Max Mhz: 1300, Current Mhz: 1300, Mhz Limit: 1300
Processor Information for processor 3
  Max Mhz: 1300, Current Mhz: 1300, Mhz Limit: 1300
Processor Information for processor 4
  Max Mhz: 1300, Current Mhz: 900, Mhz Limit: 897
Processor Information for processor 5
  Max Mhz: 1300, Current Mhz: 900, Mhz Limit: 897
Processor Information for processor 6
  Max Mhz: 1300, Current Mhz: 900, Mhz Limit: 897
Processor Information for processor 7
  Max Mhz: 1300, Current Mhz: 900, Mhz Limit: 897
Processor Information for processor 8
  Max Mhz: 1300, Current Mhz: 900, Mhz Limit: 897
Processor Information for processor 9
  Max Mhz: 1300, Current Mhz: 900, Mhz Limit: 897
Processor Information for processor 10
  Max Mhz: 1300, Current Mhz: 900, Mhz Limit: 897
Processor Information for processor 11
  Max Mhz: 1300, Current Mhz: 900, Mhz Limit: 897

Memory: 4k page, system-wide physical 16055M (3460M free)
TotalPageFile size 19808M (AvailPageFile size 72M)
current process WorkingSet (physical memory assigned to process): 11M, peak: 11M
current process commit charge ("private bytes"): 59M, peak: 311M

vm_info: OpenJDK 64-Bit Server VM (17.0.15+6-LTS) for windows-amd64 JRE (17.0.15+6-LTS), built on Apr  9 2025 22:27:25 by "MicrosoftCorporation" with unknown MS VC++:1939

END.
